Log file open, 04/02/23 21:52:13
LogWindows: Failed to load 'aqProf.dll' (GetLastError=126)
LogWindows: File 'aqProf.dll' does not exist
LogWindows: Failed to load 'VtuneApi.dll' (GetLastError=126)
LogWindows: File 'VtuneApi.dll' does not exist
LogWindows: Failed to load 'VtuneApi32e.dll' (GetLastError=126)
LogWindows: File 'VtuneApi32e.dll' does not exist
LogConsoleResponse: Display: Failed to find resolution value strings in scalability ini. Falling back to default.
LogInit: Display: Running engine for game: Unreal_Game
LogPlatformFile: Not using cached read wrapper
LogTaskGraph: Started task graph with 5 named threads and 35 total threads with 3 sets of task threads.
LogStats: Stats thread started at 0.266283
LogD3D11RHI: Loaded GFSDK_Aftermath_Lib.x64.dll
LogICUInternationalization: ICU TimeZone Detection - Raw Offset: +10:00, Platform Override: ''
LogPluginManager: Mounting plugin Paper2D
LogPluginManager: Mounting plugin AISupport
LogPluginManager: Mounting plugin LightPropagationVolume
LogPluginManager: Mounting plugin ActorLayerUtilities
LogPluginManager: Mounting plugin AnimationSharing
LogPluginManager: Mounting plugin CLionSourceCodeAccess
LogPluginManager: Mounting plugin CodeLiteSourceCodeAccess
LogPluginManager: Mounting plugin GitSourceControl
LogPluginManager: Mounting plugin KDevelopSourceCodeAccess
LogPluginManager: Mounting plugin NullSourceCodeAccess
LogPluginManager: Mounting plugin PerforceSourceControl
LogPluginManager: Mounting plugin SubversionSourceControl
LogPluginManager: Mounting plugin UObjectPlugin
LogPluginManager: Mounting plugin VisualStudioCodeSourceCodeAccess
LogPluginManager: Mounting plugin VisualStudioSourceCodeAccess
LogPluginManager: Mounting plugin XCodeSourceCodeAccess
LogPluginManager: Mounting plugin AssetManagerEditor
LogPluginManager: Mounting plugin CryptoKeys
LogPluginManager: Mounting plugin CurveEditorTools
LogPluginManager: Mounting plugin DataValidation
LogPluginManager: Mounting plugin FacialAnimation
LogPluginManager: Mounting plugin GameplayTagsEditor
LogPluginManager: Mounting plugin MacGraphicsSwitching
LogPluginManager: Mounting plugin MaterialAnalyzer
LogPluginManager: Mounting plugin MobileLauncherProfileWizard
LogPluginManager: Mounting plugin PluginBrowser
LogPluginManager: Mounting plugin SpeedTreeImporter
LogPluginManager: Mounting plugin DatasmithContent
LogPluginManager: Mounting plugin VariantManagerContent
LogPluginManager: Mounting plugin AlembicImporter
LogPluginManager: Mounting plugin AutomationUtils
LogPluginManager: Mounting plugin BackChannel
LogPluginManager: Mounting plugin CharacterAI
LogPluginManager: Mounting plugin GeometryCache
LogPluginManager: Mounting plugin HTML5Networking
LogPluginManager: Mounting plugin PlatformCrypto
LogPluginManager: Mounting plugin ProxyLODPlugin
LogPluginManager: Mounting plugin SkeletalReduction
LogPluginManager: Mounting plugin MagicLeap
LogPluginManager: Mounting plugin MagicLeapMedia
LogPluginManager: Mounting plugin AndroidMedia
LogPluginManager: Mounting plugin AvfMedia
LogPluginManager: Mounting plugin ImgMedia
LogPluginManager: Mounting plugin MediaCompositing
LogPluginManager: Mounting plugin MediaPlayerEditor
LogPluginManager: Mounting plugin WebMMedia
LogPluginManager: Mounting plugin WmfMedia
LogPluginManager: Mounting plugin TcpMessaging
LogPluginManager: Mounting plugin UdpMessaging
LogPluginManager: Mounting plugin ActorSequence
LogPluginManager: Mounting plugin LevelSequenceEditor
LogPluginManager: Mounting plugin MatineeToLevelSequence
LogPluginManager: Mounting plugin NetcodeUnitTest
LogPluginManager: Mounting plugin NUTUnrealEngine4
LogPluginManager: Mounting plugin OnlineSubsystemGooglePlay
LogPluginManager: Mounting plugin OnlineSubsystemIOS
LogPluginManager: Mounting plugin OnlineSubsystem
LogPluginManager: Mounting plugin OnlineSubsystemNull
LogPluginManager: Mounting plugin OnlineSubsystemUtils
LogPluginManager: Mounting plugin LauncherChunkInstaller
LogPluginManager: Mounting plugin AndroidDeviceProfileSelector
LogPluginManager: Mounting plugin AndroidMoviePlayer
LogPluginManager: Mounting plugin AndroidPermission
LogPluginManager: Mounting plugin AppleImageUtils
LogPluginManager: Mounting plugin AppleMoviePlayer
LogPluginManager: Mounting plugin ArchVisCharacter
LogPluginManager: Mounting plugin AudioCapture
LogPluginManager: Mounting plugin CableComponent
LogPluginManager: Mounting plugin CustomMeshComponent
LogPluginManager: Mounting plugin EditableMesh
LogPluginManager: Mounting plugin ExampleDeviceProfileSelector
LogPluginManager: Mounting plugin GoogleCloudMessaging
LogPluginManager: Mounting plugin IOSDeviceProfileSelector
LogPluginManager: Mounting plugin LinuxDeviceProfileSelector
LogPluginManager: Mounting plugin LocationServicesBPLibrary
LogPluginManager: Mounting plugin MobilePatchingUtils
LogPluginManager: Mounting plugin OculusVR
LogPluginManager: Mounting plugin PhysXVehicles
LogPluginManager: Mounting plugin ProceduralMeshComponent
LogPluginManager: Mounting plugin RuntimePhysXCooking
LogPluginManager: Mounting plugin SignificanceManager
LogPluginManager: Mounting plugin SteamVR
LogPluginManager: Mounting plugin WebMMoviePlayer
LogPluginManager: Mounting plugin WindowsMoviePlayer
LogPluginManager: Mounting plugin ScreenshotTools
LogInit: Using libcurl 7.55.1-DEV
LogInit:  - built for x86_64-pc-win32
LogInit:  - supports SSL with OpenSSL/1.1.1
LogInit:  - supports HTTP deflate (compression) using libz 1.2.8
LogInit:  - other features:
LogInit:      CURL_VERSION_SSL
LogInit:      CURL_VERSION_LIBZ
LogInit:      CURL_VERSION_IPV6
LogInit:      CURL_VERSION_ASYNCHDNS
LogInit:      CURL_VERSION_LARGEFILE
LogInit:      CURL_VERSION_IDN
LogInit:  CurlRequestOptions (configurable via config and command line):
LogInit:  - bVerifyPeer = true  - Libcurl will verify peer certificate
LogInit:  - bUseHttpProxy = false  - Libcurl will NOT use HTTP proxy
LogInit:  - bDontReuseConnections = false  - Libcurl will reuse connections
LogInit:  - MaxHostConnections = 16  - Libcurl will limit the number of connections to a host
LogInit:  - LocalHostAddr = Default
LogInit:  - BufferSize = 65536
LogOnline: OSS: Creating online subsystem instance for: NULL
LogInit: WinSock: version 1.1 (2.2), MaxSocks=32767, MaxUdp=65467
LogInit: Build: ++UE4+Release-4.23-CL-9631420
LogInit: Engine Version: 4.23.1-9631420+++UE4+Release-4.23
LogInit: Compatible Engine Version: 4.23.0-8386587+++UE4+Release-4.23
LogInit: Net CL: 8386587
LogInit: OS: Windows 10 (Release 2009) (), CPU: AMD Ryzen 5 5600X 6-Core Processor             , GPU: NVIDIA GeForce RTX 3080
LogInit: Compiled (64-bit): Oct 18 2019 02:07:44
LogInit: Compiled with Visual C++: 19.16.27030.01
LogInit: Build Configuration: Development
LogInit: Branch Name: ++UE4+Release-4.23
LogInit: Command Line:  /Game/Maps/MapLevel -game -PIEVIACONSOLE -ResX=1280 -ResY=720 -Multiprocess -messaging -SessionName="Play in Standalone Game" -windowed
LogInit: Base Directory: D:/UE_4.23/Engine/Binaries/Win64/
LogInit: Installed Engine Build: 1
LogDevObjectVersion: Number of dev versions registered: 23
LogDevObjectVersion:   Dev-Blueprints (B0D832E4-1F89-4F0D-ACCF-7EB736FD4AA2): 10
LogDevObjectVersion:   Dev-Build (E1C64328-A22C-4D53-A36C-8E866417BD8C): 0
LogDevObjectVersion:   Dev-Core (375EC13C-06E4-48FB-B500-84F0262A717E): 3
LogDevObjectVersion:   Dev-Editor (E4B068ED-F494-42E9-A231-DA0B2E46BB41): 34
LogDevObjectVersion:   Dev-Framework (CFFC743F-43B0-4480-9391-14DF171D2073): 35
LogDevObjectVersion:   Dev-Mobile (B02B49B5-BB20-44E9-A304-32B752E40360): 2
LogDevObjectVersion:   Dev-Networking (A4E4105C-59A1-49B5-A7C5-40C4547EDFEE): 0
LogDevObjectVersion:   Dev-Online (39C831C9-5AE6-47DC-9A44-9C173E1C8E7C): 0
LogDevObjectVersion:   Dev-Physics (78F01B33-EBEA-4F98-B9B4-84EACCB95AA2): 0
LogDevObjectVersion:   Dev-Platform (6631380F-2D4D-43E0-8009-CF276956A95A): 0
LogDevObjectVersion:   Dev-Rendering (12F88B9F-8875-4AFC-A67C-D90C383ABD29): 31
LogDevObjectVersion:   Dev-Sequencer (7B5AE74C-D270-4C10-A958-57980B212A5A): 11
LogDevObjectVersion:   Dev-VR (D7296918-1DD6-4BDD-9DE2-64A83CC13884): 2
LogDevObjectVersion:   Dev-LoadTimes (C2A15278-BFE7-4AFE-6C17-90FF531DF755): 1
LogDevObjectVersion:   Private-Geometry (6EACA3D4-40EC-4CC1-B786-8BED09428FC5): 3
LogDevObjectVersion:   Dev-AnimPhys (29E575DD-E0A3-4627-9D10-D276232CDCEA): 17
LogDevObjectVersion:   Dev-Anim (AF43A65D-7FD3-4947-9873-3E8ED9C1BB05): 2
LogDevObjectVersion:   Dev-ReflectionCapture (6B266CEC-1EC7-4B8F-A30B-E4D90942FC07): 1
LogDevObjectVersion:   Dev-Automation (0DF73D61-A23F-47EA-B727-89E90C41499A): 1
LogDevObjectVersion:   FortniteMain (601D1886-AC64-4F84-AA16-D3DE0DEAC7D6): 27
LogDevObjectVersion:   Dev-Enterprise (9DFFBCD6-494F-0158-E221-12823C92A888): 6
LogDevObjectVersion:   Dev-Niagara (F2AED0AC-9AFE-416F-8664-AA7FFA26D6FC): 1
LogDevObjectVersion:   Dev-Destruction (174F1F0B-B4C6-45A5-B13F-2EE8D0FB917D): 9
LogInit: Presizing for max 16777216 objects, including 0 objects not considered by GC, pre-allocating 0 bytes for permanent pool.
LogInit: Object subsystem initialized
LogConfig: Setting CVar [[con.DebugEarlyDefault:1]]
LogConfig: Setting CVar [[r.setres:1280x720]]
[2023.04.02-11.52.13:975][  0]LogConfig: Setting CVar [[con.DebugEarlyDefault:1]]
[2023.04.02-11.52.13:975][  0]LogConfig: Setting CVar [[r.setres:1280x720]]
[2023.04.02-11.52.13:975][  0]LogConfig: Applying CVar settings from Section [/Script/Engine.RendererSettings] File [E:/Game Jams/Mini Jam 16/Unreal Team/Pixel-Cake-Game-UE-/Unreal_Game/Saved/Config/Windows/Engine.ini]
[2023.04.02-11.52.13:975][  0]LogConfig: Setting CVar [[r.GPUCrashDebugging:0]]
[2023.04.02-11.52.13:975][  0]LogConfig: Setting CVar [[r.DefaultFeature.AutoExposure.ExtendDefaultLuminanceRange:1]]
[2023.04.02-11.52.13:975][  0]LogConfig: Applying CVar settings from Section [/Script/Engine.RendererOverrideSettings] File [E:/Game Jams/Mini Jam 16/Unreal Team/Pixel-Cake-Game-UE-/Unreal_Game/Saved/Config/Windows/Engine.ini]
[2023.04.02-11.52.13:975][  0]LogConfig: Applying CVar settings from Section [/Script/Engine.StreamingSettings] File [E:/Game Jams/Mini Jam 16/Unreal Team/Pixel-Cake-Game-UE-/Unreal_Game/Saved/Config/Windows/Engine.ini]
[2023.04.02-11.52.13:975][  0]LogConfig: Setting CVar [[s.MinBulkDataSizeForAsyncLoading:131072]]
[2023.04.02-11.52.13:975][  0]LogConfig: Setting CVar [[s.AsyncLoadingThreadEnabled:0]]
[2023.04.02-11.52.13:975][  0]LogConfig: Setting CVar [[s.EventDrivenLoaderEnabled:1]]
[2023.04.02-11.52.13:975][  0]LogConfig: Setting CVar [[s.WarnIfTimeLimitExceeded:0]]
[2023.04.02-11.52.13:976][  0]LogConfig: Setting CVar [[s.TimeLimitExceededMultiplier:1.5]]
[2023.04.02-11.52.13:976][  0]LogConfig: Setting CVar [[s.TimeLimitExceededMinTime:0.005]]
[2023.04.02-11.52.13:976][  0]LogConfig: Setting CVar [[s.UseBackgroundLevelStreaming:1]]
[2023.04.02-11.52.13:976][  0]LogConfig: Setting CVar [[s.PriorityAsyncLoadingExtraTime:15.0]]
[2023.04.02-11.52.13:976][  0]LogConfig: Setting CVar [[s.LevelStreamingActorsUpdateTimeLimit:5.0]]
[2023.04.02-11.52.13:976][  0]LogConfig: Setting CVar [[s.PriorityLevelStreamingActorsUpdateExtraTime:5.0]]
[2023.04.02-11.52.13:976][  0]LogConfig: Setting CVar [[s.LevelStreamingComponentsRegistrationGranularity:10]]
[2023.04.02-11.52.13:976][  0]LogConfig: Setting CVar [[s.UnregisterComponentsTimeLimit:1.0]]
[2023.04.02-11.52.13:976][  0]LogConfig: Setting CVar [[s.LevelStreamingComponentsUnregistrationGranularity:5]]
[2023.04.02-11.52.13:976][  0]LogConfig: Applying CVar settings from Section [/Script/Engine.GarbageCollectionSettings] File [E:/Game Jams/Mini Jam 16/Unreal Team/Pixel-Cake-Game-UE-/Unreal_Game/Saved/Config/Windows/Engine.ini]
[2023.04.02-11.52.13:976][  0]LogConfig: Setting CVar [[gc.MaxObjectsNotConsideredByGC:1]]
[2023.04.02-11.52.13:976][  0]LogConfig: Setting CVar [[gc.SizeOfPermanentObjectPool:0]]
[2023.04.02-11.52.13:976][  0]LogConfig: Setting CVar [[gc.FlushStreamingOnGC:0]]
[2023.04.02-11.52.13:976][  0]LogConfig: Setting CVar [[gc.NumRetriesBeforeForcingGC:10]]
[2023.04.02-11.52.13:976][  0]LogConfig: Setting CVar [[gc.AllowParallelGC:1]]
[2023.04.02-11.52.13:976][  0]LogConfig: Setting CVar [[gc.TimeBetweenPurgingPendingKillObjects:61.1]]
[2023.04.02-11.52.13:976][  0]LogConfig: Setting CVar [[gc.MaxObjectsInEditor:16777216]]
[2023.04.02-11.52.13:976][  0]LogConfig: Setting CVar [[gc.IncrementalBeginDestroyEnabled:1]]
[2023.04.02-11.52.13:976][  0]LogConfig: Setting CVar [[gc.CreateGCClusters:1]]
[2023.04.02-11.52.13:977][  0]LogConfig: Setting CVar [[gc.MinGCClusterSize:5]]
[2023.04.02-11.52.13:977][  0]LogConfig: Setting CVar [[gc.ActorClusteringEnabled:0]]
[2023.04.02-11.52.13:977][  0]LogConfig: Setting CVar [[gc.BlueprintClusteringEnabled:0]]
[2023.04.02-11.52.13:977][  0]LogConfig: Setting CVar [[gc.UseDisregardForGCOnDedicatedServers:0]]
[2023.04.02-11.52.13:977][  0]LogConfig: Applying CVar settings from Section [/Script/Engine.NetworkSettings] File [E:/Game Jams/Mini Jam 16/Unreal Team/Pixel-Cake-Game-UE-/Unreal_Game/Saved/Config/Windows/Engine.ini]
[2023.04.02-11.52.13:977][  0]LogConfig: Applying CVar settings from Section [/Script/UnrealEd.CookerSettings] File [E:/Game Jams/Mini Jam 16/Unreal Team/Pixel-Cake-Game-UE-/Unreal_Game/Saved/Config/Windows/Engine.ini]
[2023.04.02-11.52.13:995][  0]LogConfig: Applying CVar settings from Section [ViewDistanceQuality@3] File [E:/Game Jams/Mini Jam 16/Unreal Team/Pixel-Cake-Game-UE-/Unreal_Game/Saved/Config/Windows/Scalability.ini]
[2023.04.02-11.52.13:995][  0]LogConfig: Setting CVar [[r.SkeletalMeshLODBias:0]]
[2023.04.02-11.52.13:995][  0]LogConfig: Setting CVar [[r.ViewDistanceScale:1.0]]
[2023.04.02-11.52.13:995][  0]LogConfig: Applying CVar settings from Section [AntiAliasingQuality@3] File [E:/Game Jams/Mini Jam 16/Unreal Team/Pixel-Cake-Game-UE-/Unreal_Game/Saved/Config/Windows/Scalability.ini]
[2023.04.02-11.52.13:995][  0]LogConfig: Setting CVar [[r.PostProcessAAQuality:4]]
[2023.04.02-11.52.13:995][  0]LogConfig: Applying CVar settings from Section [ShadowQuality@3] File [E:/Game Jams/Mini Jam 16/Unreal Team/Pixel-Cake-Game-UE-/Unreal_Game/Saved/Config/Windows/Scalability.ini]
[2023.04.02-11.52.13:995][  0]LogConfig: Setting CVar [[r.LightFunctionQuality:1]]
[2023.04.02-11.52.13:995][  0]LogConfig: Setting CVar [[r.ShadowQuality:5]]
[2023.04.02-11.52.13:996][  0]LogConfig: Setting CVar [[r.Shadow.CSM.MaxCascades:10]]
[2023.04.02-11.52.13:996][  0]LogConfig: Setting CVar [[r.Shadow.MaxResolution:2048]]
[2023.04.02-11.52.13:996][  0]LogConfig: Setting CVar [[r.Shadow.MaxCSMResolution:2048]]
[2023.04.02-11.52.13:996][  0]LogConfig: Setting CVar [[r.Shadow.RadiusThreshold:0.01]]
[2023.04.02-11.52.13:996][  0]LogConfig: Setting CVar [[r.Shadow.DistanceScale:1.0]]
[2023.04.02-11.52.13:996][  0]LogConfig: Setting CVar [[r.Shadow.CSM.TransitionScale:1.0]]
[2023.04.02-11.52.13:996][  0]LogConfig: Setting CVar [[r.Shadow.PreShadowResolutionFactor:1.0]]
[2023.04.02-11.52.13:996][  0]LogConfig: Setting CVar [[r.DistanceFieldShadowing:1]]
[2023.04.02-11.52.13:996][  0]LogConfig: Setting CVar [[r.DistanceFieldAO:1]]
[2023.04.02-11.52.13:996][  0]LogConfig: Setting CVar [[r.AOQuality:2]]
[2023.04.02-11.52.13:996][  0]LogConfig: Setting CVar [[r.VolumetricFog:1]]
[2023.04.02-11.52.13:996][  0]LogConfig: Setting CVar [[r.VolumetricFog.GridPixelSize:8]]
[2023.04.02-11.52.13:996][  0]LogConfig: Setting CVar [[r.VolumetricFog.GridSizeZ:128]]
[2023.04.02-11.52.13:996][  0]LogConfig: Setting CVar [[r.VolumetricFog.HistoryMissSupersampleCount:4]]
[2023.04.02-11.52.13:996][  0]LogConfig: Setting CVar [[r.LightMaxDrawDistanceScale:1]]
[2023.04.02-11.52.13:996][  0]LogConfig: Setting CVar [[r.CapsuleShadows:1]]
[2023.04.02-11.52.13:996][  0]LogConfig: Applying CVar settings from Section [PostProcessQuality@3] File [E:/Game Jams/Mini Jam 16/Unreal Team/Pixel-Cake-Game-UE-/Unreal_Game/Saved/Config/Windows/Scalability.ini]
[2023.04.02-11.52.13:996][  0]LogConfig: Setting CVar [[r.MotionBlurQuality:4]]
[2023.04.02-11.52.13:997][  0]LogConfig: Setting CVar [[r.AmbientOcclusionMipLevelFactor:0.4]]
[2023.04.02-11.52.13:997][  0]LogConfig: Setting CVar [[r.AmbientOcclusionMaxQuality:100]]
[2023.04.02-11.52.13:997][  0]LogConfig: Setting CVar [[r.AmbientOcclusionLevels:-1]]
[2023.04.02-11.52.13:997][  0]LogConfig: Setting CVar [[r.AmbientOcclusionRadiusScale:1.0]]
[2023.04.02-11.52.13:997][  0]LogConfig: Setting CVar [[r.DepthOfFieldQuality:2]]
[2023.04.02-11.52.13:997][  0]LogConfig: Setting CVar [[r.RenderTargetPoolMin:400]]
[2023.04.02-11.52.13:997][  0]LogConfig: Setting CVar [[r.LensFlareQuality:2]]
[2023.04.02-11.52.13:997][  0]LogConfig: Setting CVar [[r.SceneColorFringeQuality:1]]
[2023.04.02-11.52.13:997][  0]LogConfig: Setting CVar [[r.EyeAdaptationQuality:2]]
[2023.04.02-11.52.13:997][  0]LogConfig: Setting CVar [[r.BloomQuality:5]]
[2023.04.02-11.52.13:997][  0]LogConfig: Setting CVar [[r.FastBlurThreshold:100]]
[2023.04.02-11.52.13:997][  0]LogConfig: Setting CVar [[r.Upscale.Quality:3]]
[2023.04.02-11.52.13:997][  0]LogConfig: Setting CVar [[r.Tonemapper.GrainQuantization:1]]
[2023.04.02-11.52.13:997][  0]LogConfig: Setting CVar [[r.LightShaftQuality:1]]
[2023.04.02-11.52.13:997][  0]LogConfig: Setting CVar [[r.Filter.SizeScale:1]]
[2023.04.02-11.52.13:997][  0]LogConfig: Setting CVar [[r.Tonemapper.Quality:5]]
[2023.04.02-11.52.13:998][  0]LogConfig: Setting CVar [[r.DOF.Gather.AccumulatorQuality:1        ; higher gathering accumulator quality]]
[2023.04.02-11.52.13:998][  0]LogConfig: Setting CVar [[r.DOF.Gather.PostfilterMethod:1          ; Median3x3 postfilering method]]
[2023.04.02-11.52.13:998][  0]LogConfig: Setting CVar [[r.DOF.Gather.EnableBokehSettings:0       ; no bokeh simulation when gathering]]
[2023.04.02-11.52.13:998][  0]LogConfig: Setting CVar [[r.DOF.Gather.RingCount:4                 ; medium number of samples when gathering]]
[2023.04.02-11.52.13:998][  0]LogConfig: Setting CVar [[r.DOF.Scatter.ForegroundCompositing:1    ; additive foreground scattering]]
[2023.04.02-11.52.13:998][  0]LogConfig: Setting CVar [[r.DOF.Scatter.BackgroundCompositing:2    ; additive background scattering]]
[2023.04.02-11.52.13:998][  0]LogConfig: Setting CVar [[r.DOF.Scatter.EnableBokehSettings:1      ; bokeh simulation when scattering]]
[2023.04.02-11.52.13:998][  0]LogConfig: Setting CVar [[r.DOF.Scatter.MaxSpriteRatio:0.1         ; only a maximum of 10% of scattered bokeh]]
[2023.04.02-11.52.13:998][  0]LogConfig: Setting CVar [[r.DOF.Recombine.Quality:1                ; cheap slight out of focus]]
[2023.04.02-11.52.13:998][  0]LogConfig: Setting CVar [[r.DOF.Recombine.EnableBokehSettings:0    ; no bokeh simulation on slight out of focus]]
[2023.04.02-11.52.13:998][  0]LogConfig: Setting CVar [[r.DOF.TemporalAAQuality:1                ; more stable temporal accumulation]]
[2023.04.02-11.52.13:998][  0]LogConfig: Setting CVar [[r.DOF.Kernel.MaxForegroundRadius:0.025]]
[2023.04.02-11.52.13:998][  0]LogConfig: Setting CVar [[r.DOF.Kernel.MaxBackgroundRadius:0.025]]
[2023.04.02-11.52.13:998][  0]LogConfig: Applying CVar settings from Section [TextureQuality@3] File [E:/Game Jams/Mini Jam 16/Unreal Team/Pixel-Cake-Game-UE-/Unreal_Game/Saved/Config/Windows/Scalability.ini]
[2023.04.02-11.52.13:998][  0]LogConfig: Setting CVar [[r.Streaming.MipBias:0]]
[2023.04.02-11.52.13:998][  0]LogConfig: Setting CVar [[r.Streaming.AmortizeCPUToGPUCopy:0]]
[2023.04.02-11.52.13:998][  0]LogConfig: Setting CVar [[r.Streaming.MaxNumTexturesToStreamPerFrame:0]]
[2023.04.02-11.52.13:998][  0]LogConfig: Setting CVar [[r.Streaming.Boost:1]]
[2023.04.02-11.52.13:998][  0]LogConfig: Setting CVar [[r.MaxAnisotropy:8]]
[2023.04.02-11.52.13:999][  0]LogConfig: Setting CVar [[r.Streaming.LimitPoolSizeToVRAM:0]]
[2023.04.02-11.52.13:999][  0]LogConfig: Setting CVar [[r.Streaming.PoolSize:1000]]
[2023.04.02-11.52.13:999][  0]LogConfig: Setting CVar [[r.Streaming.MaxEffectiveScreenSize:0]]
[2023.04.02-11.52.13:999][  0]LogConfig: Applying CVar settings from Section [EffectsQuality@3] File [E:/Game Jams/Mini Jam 16/Unreal Team/Pixel-Cake-Game-UE-/Unreal_Game/Saved/Config/Windows/Scalability.ini]
[2023.04.02-11.52.13:999][  0]LogConfig: Setting CVar [[r.TranslucencyLightingVolumeDim:64]]
[2023.04.02-11.52.13:999][  0]LogConfig: Setting CVar [[r.RefractionQuality:2]]
[2023.04.02-11.52.13:999][  0]LogConfig: Setting CVar [[r.SSR.Quality:3]]
[2023.04.02-11.52.13:999][  0]LogConfig: Setting CVar [[r.SceneColorFormat:4]]
[2023.04.02-11.52.13:999][  0]LogConfig: Setting CVar [[r.DetailMode:2]]
[2023.04.02-11.52.13:999][  0]LogConfig: Setting CVar [[r.TranslucencyVolumeBlur:1]]
[2023.04.02-11.52.13:999][  0]LogConfig: Setting CVar [[r.MaterialQualityLevel:1 ; High quality]]
[2023.04.02-11.52.13:999][  0]LogConfig: Setting CVar [[r.SSS.Scale:1]]
[2023.04.02-11.52.13:999][  0]LogConfig: Setting CVar [[r.SSS.SampleSet:2]]
[2023.04.02-11.52.13:999][  0]LogConfig: Setting CVar [[r.SSS.Quality:1]]
[2023.04.02-11.52.13:999][  0]LogConfig: Setting CVar [[r.SSS.HalfRes:1]]
[2023.04.02-11.52.13:999][  0]LogConfig: Setting CVar [[r.EmitterSpawnRateScale:1.0]]
[2023.04.02-11.52.13:999][  0]LogConfig: Setting CVar [[r.ParticleLightQuality:2]]
[2023.04.02-11.52.13:999][  0]LogConfig: Applying CVar settings from Section [FoliageQuality@3] File [E:/Game Jams/Mini Jam 16/Unreal Team/Pixel-Cake-Game-UE-/Unreal_Game/Saved/Config/Windows/Scalability.ini]
[2023.04.02-11.52.14:000][  0]LogConfig: Setting CVar [[foliage.DensityScale:1.0]]
[2023.04.02-11.52.14:000][  0]LogConfig: Setting CVar [[grass.DensityScale:1.0]]
[2023.04.02-11.52.14:000][  0]LogInit: Selected Device Profile: [Windows]
[2023.04.02-11.52.14:000][  0]LogInit: Applying CVar settings loaded from the selected device profile: [Windows]
[2023.04.02-11.52.14:014][  0]LogHAL: Display: Platform has ~ 32 GB [34301431808 / 34359738368 / 32], which maps to Largest [LargestMinGB=32, LargerMinGB=12, DefaultMinGB=8, SmallerMinGB=6, SmallestMinGB=0)
[2023.04.02-11.52.14:015][  0]LogInit: Going up to parent DeviceProfile []
[2023.04.02-11.52.14:015][  0]LogConfig: Applying CVar settings from Section [ViewDistanceQuality@3] File [E:/Game Jams/Mini Jam 16/Unreal Team/Pixel-Cake-Game-UE-/Unreal_Game/Saved/Config/Windows/Scalability.ini]
[2023.04.02-11.52.14:015][  0]LogConfig: Setting CVar [[r.SkeletalMeshLODBias:0]]
[2023.04.02-11.52.14:015][  0]LogConfig: Setting CVar [[r.ViewDistanceScale:1.0]]
[2023.04.02-11.52.14:015][  0]LogConfig: Applying CVar settings from Section [AntiAliasingQuality@3] File [E:/Game Jams/Mini Jam 16/Unreal Team/Pixel-Cake-Game-UE-/Unreal_Game/Saved/Config/Windows/Scalability.ini]
[2023.04.02-11.52.14:015][  0]LogConfig: Setting CVar [[r.PostProcessAAQuality:4]]
[2023.04.02-11.52.14:015][  0]LogConfig: Applying CVar settings from Section [ShadowQuality@3] File [E:/Game Jams/Mini Jam 16/Unreal Team/Pixel-Cake-Game-UE-/Unreal_Game/Saved/Config/Windows/Scalability.ini]
[2023.04.02-11.52.14:015][  0]LogConfig: Setting CVar [[r.LightFunctionQuality:1]]
[2023.04.02-11.52.14:015][  0]LogConfig: Setting CVar [[r.ShadowQuality:5]]
[2023.04.02-11.52.14:015][  0]LogConfig: Setting CVar [[r.Shadow.CSM.MaxCascades:10]]
[2023.04.02-11.52.14:015][  0]LogConfig: Setting CVar [[r.Shadow.MaxResolution:2048]]
[2023.04.02-11.52.14:015][  0]LogConfig: Setting CVar [[r.Shadow.MaxCSMResolution:2048]]
[2023.04.02-11.52.14:016][  0]LogConfig: Setting CVar [[r.Shadow.RadiusThreshold:0.01]]
[2023.04.02-11.52.14:016][  0]LogConfig: Setting CVar [[r.Shadow.DistanceScale:1.0]]
[2023.04.02-11.52.14:016][  0]LogConfig: Setting CVar [[r.Shadow.CSM.TransitionScale:1.0]]
[2023.04.02-11.52.14:016][  0]LogConfig: Setting CVar [[r.Shadow.PreShadowResolutionFactor:1.0]]
[2023.04.02-11.52.14:016][  0]LogConfig: Setting CVar [[r.DistanceFieldShadowing:1]]
[2023.04.02-11.52.14:016][  0]LogConfig: Setting CVar [[r.DistanceFieldAO:1]]
[2023.04.02-11.52.14:016][  0]LogConfig: Setting CVar [[r.AOQuality:2]]
[2023.04.02-11.52.14:017][  0]LogConfig: Setting CVar [[r.VolumetricFog:1]]
[2023.04.02-11.52.14:017][  0]LogConfig: Setting CVar [[r.VolumetricFog.GridPixelSize:8]]
[2023.04.02-11.52.14:017][  0]LogConfig: Setting CVar [[r.VolumetricFog.GridSizeZ:128]]
[2023.04.02-11.52.14:017][  0]LogConfig: Setting CVar [[r.VolumetricFog.HistoryMissSupersampleCount:4]]
[2023.04.02-11.52.14:017][  0]LogConfig: Setting CVar [[r.LightMaxDrawDistanceScale:1]]
[2023.04.02-11.52.14:017][  0]LogConfig: Setting CVar [[r.CapsuleShadows:1]]
[2023.04.02-11.52.14:017][  0]LogConfig: Applying CVar settings from Section [PostProcessQuality@3] File [E:/Game Jams/Mini Jam 16/Unreal Team/Pixel-Cake-Game-UE-/Unreal_Game/Saved/Config/Windows/Scalability.ini]
[2023.04.02-11.52.14:017][  0]LogConfig: Setting CVar [[r.MotionBlurQuality:4]]
[2023.04.02-11.52.14:017][  0]LogConfig: Setting CVar [[r.AmbientOcclusionMipLevelFactor:0.4]]
[2023.04.02-11.52.14:018][  0]LogConfig: Setting CVar [[r.AmbientOcclusionMaxQuality:100]]
[2023.04.02-11.52.14:018][  0]LogConfig: Setting CVar [[r.AmbientOcclusionLevels:-1]]
[2023.04.02-11.52.14:018][  0]LogConfig: Setting CVar [[r.AmbientOcclusionRadiusScale:1.0]]
[2023.04.02-11.52.14:018][  0]LogConfig: Setting CVar [[r.DepthOfFieldQuality:2]]
[2023.04.02-11.52.14:018][  0]LogConfig: Setting CVar [[r.RenderTargetPoolMin:400]]
[2023.04.02-11.52.14:018][  0]LogConfig: Setting CVar [[r.LensFlareQuality:2]]
[2023.04.02-11.52.14:018][  0]LogConfig: Setting CVar [[r.SceneColorFringeQuality:1]]
[2023.04.02-11.52.14:018][  0]LogConfig: Setting CVar [[r.EyeAdaptationQuality:2]]
[2023.04.02-11.52.14:018][  0]LogConfig: Setting CVar [[r.BloomQuality:5]]
[2023.04.02-11.52.14:018][  0]LogConfig: Setting CVar [[r.FastBlurThreshold:100]]
[2023.04.02-11.52.14:018][  0]LogConfig: Setting CVar [[r.Upscale.Quality:3]]
[2023.04.02-11.52.14:019][  0]LogConfig: Setting CVar [[r.Tonemapper.GrainQuantization:1]]
[2023.04.02-11.52.14:019][  0]LogConfig: Setting CVar [[r.LightShaftQuality:1]]
[2023.04.02-11.52.14:019][  0]LogConfig: Setting CVar [[r.Filter.SizeScale:1]]
[2023.04.02-11.52.14:019][  0]LogConfig: Setting CVar [[r.Tonemapper.Quality:5]]
[2023.04.02-11.52.14:019][  0]LogConfig: Setting CVar [[r.DOF.Gather.AccumulatorQuality:1        ; higher gathering accumulator quality]]
[2023.04.02-11.52.14:019][  0]LogConfig: Setting CVar [[r.DOF.Gather.PostfilterMethod:1          ; Median3x3 postfilering method]]
[2023.04.02-11.52.14:019][  0]LogConfig: Setting CVar [[r.DOF.Gather.EnableBokehSettings:0       ; no bokeh simulation when gathering]]
[2023.04.02-11.52.14:019][  0]LogConfig: Setting CVar [[r.DOF.Gather.RingCount:4                 ; medium number of samples when gathering]]
[2023.04.02-11.52.14:019][  0]LogConfig: Setting CVar [[r.DOF.Scatter.ForegroundCompositing:1    ; additive foreground scattering]]
[2023.04.02-11.52.14:019][  0]LogConfig: Setting CVar [[r.DOF.Scatter.BackgroundCompositing:2    ; additive background scattering]]
[2023.04.02-11.52.14:019][  0]LogConfig: Setting CVar [[r.DOF.Scatter.EnableBokehSettings:1      ; bokeh simulation when scattering]]
[2023.04.02-11.52.14:019][  0]LogConfig: Setting CVar [[r.DOF.Scatter.MaxSpriteRatio:0.1         ; only a maximum of 10% of scattered bokeh]]
[2023.04.02-11.52.14:019][  0]LogConfig: Setting CVar [[r.DOF.Recombine.Quality:1                ; cheap slight out of focus]]
[2023.04.02-11.52.14:019][  0]LogConfig: Setting CVar [[r.DOF.Recombine.EnableBokehSettings:0    ; no bokeh simulation on slight out of focus]]
[2023.04.02-11.52.14:019][  0]LogConfig: Setting CVar [[r.DOF.TemporalAAQuality:1                ; more stable temporal accumulation]]
[2023.04.02-11.52.14:020][  0]LogConfig: Setting CVar [[r.DOF.Kernel.MaxForegroundRadius:0.025]]
[2023.04.02-11.52.14:020][  0]LogConfig: Setting CVar [[r.DOF.Kernel.MaxBackgroundRadius:0.025]]
[2023.04.02-11.52.14:020][  0]LogConfig: Applying CVar settings from Section [TextureQuality@3] File [E:/Game Jams/Mini Jam 16/Unreal Team/Pixel-Cake-Game-UE-/Unreal_Game/Saved/Config/Windows/Scalability.ini]
[2023.04.02-11.52.14:020][  0]LogConfig: Setting CVar [[r.Streaming.MipBias:0]]
[2023.04.02-11.52.14:020][  0]LogConfig: Setting CVar [[r.Streaming.AmortizeCPUToGPUCopy:0]]
[2023.04.02-11.52.14:020][  0]LogConfig: Setting CVar [[r.Streaming.MaxNumTexturesToStreamPerFrame:0]]
[2023.04.02-11.52.14:020][  0]LogConfig: Setting CVar [[r.Streaming.Boost:1]]
[2023.04.02-11.52.14:020][  0]LogConfig: Setting CVar [[r.MaxAnisotropy:8]]
[2023.04.02-11.52.14:020][  0]LogConfig: Setting CVar [[r.Streaming.LimitPoolSizeToVRAM:0]]
[2023.04.02-11.52.14:020][  0]LogConfig: Setting CVar [[r.Streaming.PoolSize:1000]]
[2023.04.02-11.52.14:020][  0]LogConfig: Setting CVar [[r.Streaming.MaxEffectiveScreenSize:0]]
[2023.04.02-11.52.14:020][  0]LogConfig: Applying CVar settings from Section [EffectsQuality@3] File [E:/Game Jams/Mini Jam 16/Unreal Team/Pixel-Cake-Game-UE-/Unreal_Game/Saved/Config/Windows/Scalability.ini]
[2023.04.02-11.52.14:020][  0]LogConfig: Setting CVar [[r.TranslucencyLightingVolumeDim:64]]
[2023.04.02-11.52.14:020][  0]LogConfig: Setting CVar [[r.RefractionQuality:2]]
[2023.04.02-11.52.14:020][  0]LogConfig: Setting CVar [[r.SSR.Quality:3]]
[2023.04.02-11.52.14:020][  0]LogConfig: Setting CVar [[r.SceneColorFormat:4]]
[2023.04.02-11.52.14:021][  0]LogConfig: Setting CVar [[r.DetailMode:2]]
[2023.04.02-11.52.14:021][  0]LogConfig: Setting CVar [[r.TranslucencyVolumeBlur:1]]
[2023.04.02-11.52.14:021][  0]LogConfig: Setting CVar [[r.MaterialQualityLevel:1 ; High quality]]
[2023.04.02-11.52.14:021][  0]LogConfig: Setting CVar [[r.SSS.Scale:1]]
[2023.04.02-11.52.14:021][  0]LogConfig: Setting CVar [[r.SSS.SampleSet:2]]
[2023.04.02-11.52.14:021][  0]LogConfig: Setting CVar [[r.SSS.Quality:1]]
[2023.04.02-11.52.14:021][  0]LogConfig: Setting CVar [[r.SSS.HalfRes:1]]
[2023.04.02-11.52.14:021][  0]LogConfig: Setting CVar [[r.EmitterSpawnRateScale:1.0]]
[2023.04.02-11.52.14:021][  0]LogConfig: Setting CVar [[r.ParticleLightQuality:2]]
[2023.04.02-11.52.14:021][  0]LogConfig: Applying CVar settings from Section [FoliageQuality@3] File [E:/Game Jams/Mini Jam 16/Unreal Team/Pixel-Cake-Game-UE-/Unreal_Game/Saved/Config/Windows/Scalability.ini]
[2023.04.02-11.52.14:021][  0]LogConfig: Setting CVar [[foliage.DensityScale:1.0]]
[2023.04.02-11.52.14:021][  0]LogConfig: Setting CVar [[grass.DensityScale:1.0]]
[2023.04.02-11.52.14:021][  0]LogConfig: Applying CVar settings from Section [Startup] File [../../../Engine/Config/ConsoleVariables.ini]
[2023.04.02-11.52.14:022][  0]LogConfig: Setting CVar [[net.UseAdaptiveNetUpdateFrequency:0]]
[2023.04.02-11.52.14:022][  0]LogConfig: Setting CVar [[p.chaos.AllowCreatePhysxBodies:1]]
[2023.04.02-11.52.14:022][  0]LogConfig: Applying CVar settings from Section [ConsoleVariables] File [E:/Game Jams/Mini Jam 16/Unreal Team/Pixel-Cake-Game-UE-/Unreal_Game/Saved/Config/Windows/Engine.ini]
[2023.04.02-11.52.14:023][  0]LogInit: Computer: DESKTOP-5CD8CV0
[2023.04.02-11.52.14:023][  0]LogInit: User: annet
[2023.04.02-11.52.14:023][  0]LogInit: CPU Page size=4096, Cores=6
[2023.04.02-11.52.14:023][  0]LogInit: High frequency timer resolution =10.000000 MHz
[2023.04.02-11.52.14:024][  0]LogMemory: Memory total: Physical=31.9GB (32GB approx)
[2023.04.02-11.52.14:024][  0]LogMemory: Platform Memory Stats for Windows
[2023.04.02-11.52.14:024][  0]LogMemory: Process Physical Memory: 102.50 MB used, 102.50 MB peak
[2023.04.02-11.52.14:024][  0]LogMemory: Process Virtual Memory: 101.44 MB used, 101.44 MB peak
[2023.04.02-11.52.14:024][  0]LogMemory: Physical Memory: 12209.52 MB used,  20502.88 MB free, 32712.39 MB total
[2023.04.02-11.52.14:024][  0]LogMemory: Virtual Memory: 4688.64 MB used,  134213040.00 MB free, 134217728.00 MB total
[2023.04.02-11.52.14:034][  0]LogWindows: WindowsPlatformFeatures enabled
[2023.04.02-11.52.14:205][  0]LogInit: Using OS detected language (en-GB).
[2023.04.02-11.52.14:205][  0]LogInit: Using OS detected locale (en-AU).
[2023.04.02-11.52.14:207][  0]LogTextLocalizationManager: No specific localization for 'en-GB' exists, so the 'en' localization will be used.
[2023.04.02-11.52.14:948][  0]LogSlate: New Slate User Created.  User Index 0, Is Virtual User: 0
[2023.04.02-11.52.14:948][  0]LogSlate: Slate User Registered.  User Index 0, Is Virtual User: 0
[2023.04.02-11.52.14:988][  0]LogHMD: Failed to initialize OpenVR with code 110
[2023.04.02-11.52.14:988][  0]LogD3D11RHI: D3D11 adapters:
[2023.04.02-11.52.15:506][  0]LogD3D11RHI:    0. 'NVIDIA GeForce RTX 3080' (Feature Level 11_0)
[2023.04.02-11.52.15:506][  0]LogD3D11RHI:       10067/0/16356 MB DedicatedVideo/DedicatedSystem/SharedSystem, Outputs:2, VendorId:0x10de
[2023.04.02-11.52.15:512][  0]LogD3D11RHI:    1. 'Microsoft Basic Render Driver' (Feature Level 11_0)
[2023.04.02-11.52.15:512][  0]LogD3D11RHI:       0/0/16356 MB DedicatedVideo/DedicatedSystem/SharedSystem, Outputs:0, VendorId:0x1414
[2023.04.02-11.52.15:512][  0]LogD3D11RHI: Chosen D3D11 Adapter: 0
[2023.04.02-11.52.15:533][  0]LogD3D11RHI: Creating new Direct3DDevice
[2023.04.02-11.52.15:533][  0]LogD3D11RHI:     GPU DeviceId: 0x2216 (for the marketing name, search the web for "GPU Device Id")
[2023.04.02-11.52.15:533][  0]LogWindows: EnumDisplayDevices:
[2023.04.02-11.52.15:534][  0]LogWindows:    0. 'NVIDIA GeForce RTX 3080' (P:0 D:1)
[2023.04.02-11.52.15:535][  0]LogWindows:    1. 'NVIDIA GeForce RTX 3080' (P:1 D:1)
[2023.04.02-11.52.15:535][  0]LogWindows:    2. 'NVIDIA GeForce RTX 3080' (P:0 D:0)
[2023.04.02-11.52.15:536][  0]LogWindows:    3. 'NVIDIA GeForce RTX 3080' (P:0 D:0)
[2023.04.02-11.52.15:537][  0]LogWindows: DebugString: FoundDriverCount:4 
[2023.04.02-11.52.15:537][  0]LogD3D11RHI:     Adapter Name: NVIDIA GeForce RTX 3080
[2023.04.02-11.52.15:537][  0]LogD3D11RHI:   Driver Version: 531.18 (internal:31.0.15.3118, unified:531.18)
[2023.04.02-11.52.15:537][  0]LogD3D11RHI:      Driver Date: 2-24-2023
[2023.04.02-11.52.15:537][  0]LogRHI: Texture pool is 7046 MB (70% of 10067 MB)
[2023.04.02-11.52.15:824][  0]LogD3D11RHI: Async texture creation enabled
[2023.04.02-11.52.15:849][  0]LogD3D11RHI: GPU Timing Frequency: 1000.000000 (Debug: 2 2)
[2023.04.02-11.52.16:705][  0]LogTemp: Display: Module 'WindowsClientTargetPlatform' loaded TargetPlatform 'WindowsClient'
[2023.04.02-11.52.16:734][  0]LogTemp: Display: Module 'WindowsNoEditorTargetPlatform' loaded TargetPlatform 'WindowsNoEditor'
[2023.04.02-11.52.16:765][  0]LogTemp: Display: Module 'WindowsServerTargetPlatform' loaded TargetPlatform 'WindowsServer'
[2023.04.02-11.52.16:779][  0]LogTemp: Display: Module 'WindowsTargetPlatform' loaded TargetPlatform 'Windows'
[2023.04.02-11.52.16:779][  0]LogTargetPlatformManager: Display: Building Assets For Windows
[2023.04.02-11.52.16:808][  0]LogAudioDebug: Display: Lib vorbis DLL was dynamically loaded.
[2023.04.02-11.52.16:957][  0]LogShaderCompilers: Guid format shader working directory is -23 characters bigger than the processId version (E:/Game Jams/Mini Jam 16/Unreal Team/Pixel-Cake-Game-UE-/Unreal_Game/Intermediate/Shaders/WorkingDirectory/10208/).
[2023.04.02-11.52.16:957][  0]LogShaderCompilers: Cleaned the shader compiler working directory 'C:/Users/annet/AppData/Local/Temp/UnrealShaderWorkingDir/976CA2E54448EAC24CB22FAD1A786F7A/'.
[2023.04.02-11.52.16:963][  0]LogXGEController: Cannot use XGE Controller as Incredibuild is not installed on this machine.
[2023.04.02-11.52.16:963][  0]LogShaderCompilers: Cannot use XGE Shader Compiler as Incredibuild is not installed on this machine.
[2023.04.02-11.52.16:963][  0]LogShaderCompilers: Display: Using Local Shader Compiler.
[2023.04.02-11.52.19:084][  0]LogDerivedDataCache: Display: Max Cache Size: 512 MB
[2023.04.02-11.52.19:187][  0]LogDerivedDataCache: Loaded boot cache 0.10s 74MB C:/Users/annet/AppData/Local/UnrealEngine/4.23/DerivedDataCache/Boot.ddc.
[2023.04.02-11.52.19:187][  0]LogDerivedDataCache: Display: Loaded Boot cache: C:/Users/annet/AppData/Local/UnrealEngine/4.23/DerivedDataCache/Boot.ddc
[2023.04.02-11.52.19:187][  0]LogDerivedDataCache: FDerivedDataBackendGraph:  Pak pak cache file E:/Game Jams/Mini Jam 16/Unreal Team/Pixel-Cake-Game-UE-/Unreal_Game/DerivedDataCache/DDC.ddp not found, will not use a pak cache.
[2023.04.02-11.52.19:187][  0]LogDerivedDataCache: Unable to find inner node Pak for hierarchical cache Hierarchy.
[2023.04.02-11.52.19:187][  0]LogDerivedDataCache: FDerivedDataBackendGraph:  CompressedPak pak cache file E:/Game Jams/Mini Jam 16/Unreal Team/Pixel-Cake-Game-UE-/Unreal_Game/DerivedDataCache/Compressed.ddp not found, will not use a pak cache.
[2023.04.02-11.52.19:187][  0]LogDerivedDataCache: Unable to find inner node CompressedPak for hierarchical cache Hierarchy.
[2023.04.02-11.52.19:228][  0]LogDerivedDataCache: Display: Pak cache opened for reading ../../../Engine/DerivedDataCache/Compressed.ddp.
[2023.04.02-11.52.19:228][  0]LogDerivedDataCache: FDerivedDataBackendGraph:  EnterprisePak pak cache file ../../../Enterprise/DerivedDataCache/Compressed.ddp not found, will not use a pak cache.
[2023.04.02-11.52.19:228][  0]LogDerivedDataCache: Unable to find inner node EnterprisePak for hierarchical cache Hierarchy.
[2023.04.02-11.52.19:231][  0]LogDerivedDataCache: Using Local data cache path C:/Users/annet/AppData/Local/UnrealEngine/Common/DerivedDataCache: Writable
[2023.04.02-11.52.19:231][  0]LogDerivedDataCache: Shared data cache path not found in *engine.ini, will not use an Shared cache.
[2023.04.02-11.52.19:231][  0]LogDerivedDataCache: Unable to find inner node Shared for hierarchical cache Hierarchy.
[2023.04.02-11.52.19:285][  0]LogMaterial: Verifying Global Shaders for PCD3D_SM5
[2023.04.02-11.52.19:294][  0]LogSlate: Using FreeType 2.6.0
[2023.04.02-11.52.19:295][  0]LogSlate: SlateFontServices - WITH_FREETYPE: 1, WITH_HARFBUZZ: 1
[2023.04.02-11.52.19:527][  0]LogInit: Using OS detected language (en-GB).
[2023.04.02-11.52.19:527][  0]LogInit: Using OS detected locale (en-AU).
[2023.04.02-11.52.19:527][  0]LogTextLocalizationManager: No localization for 'en-GB' exists, so 'en' will be used for the language.
[2023.04.02-11.52.19:527][  0]LogTextLocalizationManager: No localization for 'en-AU' exists, so 'en' will be used for the locale.
[2023.04.02-11.52.19:527][  0]LogSlate: FontCache flush requested. Reason: Culture for localization was changed
[2023.04.02-11.52.19:527][  0]LogSlate: FontCache flush requested. Reason: Culture for localization was changed
[2023.04.02-11.52.19:529][  0]LogTextLocalizationManager: Compacting localization data took   0.01ms
[2023.04.02-11.52.19:536][  0]LogAssetRegistry: FAssetRegistry took 0.0035 seconds to start up
[2023.04.02-11.52.20:069][  0]LogPackageLocalizationCache: Processed 12 localized package path(s) for 1 prioritized culture(s) in 0.001421 seconds
[2023.04.02-11.52.20:227][  0]LogInit: Selected Device Profile: [Windows]
[2023.04.02-11.52.20:702][  0]LogMeshReduction: Using QuadricMeshReduction for automatic static mesh reduction
[2023.04.02-11.52.20:702][  0]LogMeshReduction: Using SimplygonMeshReduction for automatic skeletal mesh reduction
[2023.04.02-11.52.20:703][  0]LogMeshReduction: Using ProxyLODMeshReduction for automatic mesh merging
[2023.04.02-11.52.20:703][  0]LogMeshReduction: No distributed automatic mesh merging module available
[2023.04.02-11.52.20:703][  0]LogMeshMerging: No distributed automatic mesh merging module available
[2023.04.02-11.52.20:724][  0]LogNetVersion: Unreal_Game 1.0.0, NetCL: 8386587, EngineNetVer: 11, GameNetVer: 0 (Checksum: 4249485452)
[2023.04.02-11.52.22:059][  0]LogMoviePlayer: Initializing movie player
[2023.04.02-11.52.22:200][  0]LogTcpMessaging: Initializing TcpMessaging bridge
[2023.04.02-11.52.22:203][  0]LogUdpMessaging: Initializing bridge on interface 0.0.0.0:0 to multicast group 230.0.0.1:6666.
[2023.04.02-11.52.22:277][  0]SourceControl: Source control is disabled
[2023.04.02-11.52.22:277][  0]SourceControl: Source control is disabled
[2023.04.02-11.52.22:280][  0]SourceControl: Source control is disabled
[2023.04.02-11.52.22:381][  0]LogAndroidPermission: UAndroidPermissionCallbackProxy::GetInstance
[2023.04.02-11.52.22:706][  0]LogOcInput: OculusInput pre-init called
[2023.04.02-11.52.22:721][  0]LogUObjectArray: 48866 objects as part of root set at end of initial load.
[2023.04.02-11.52.22:721][  0]LogUObjectAllocator: 8609784 out of 0 bytes used by permanent object pool.
[2023.04.02-11.52.22:721][  0]LogUObjectArray: CloseDisregardForGC: 0/0 objects in disregard for GC pool
[2023.04.02-11.52.22:865][  0]LogEngine: Initializing Engine...
[2023.04.02-11.52.22:868][  0]LogHMD: Failed to initialize OpenVR with code 110
[2023.04.02-11.52.22:873][  0]LogStats: UGameplayTagsManager::InitializeManager -  0.001 s
[2023.04.02-11.52.23:329][  0]LogInit: Initializing FReadOnlyCVARCache
[2023.04.02-11.52.23:390][  0]LogInit: XAudio2 using 'Headset Earphone (4- ROG Strix HS)' : 2 channels at 48 kHz using 16 bits per sample (channel mask 0x3)
[2023.04.02-11.52.23:418][  0]LogInit: FAudioDevice initialized.
[2023.04.02-11.52.23:419][  0]LogNetVersion: Set ProjectVersion to 1.0.0.0. Version Checksum will be recalculated on next use.
[2023.04.02-11.52.23:420][  0]LogInit: Texture streaming: Enabled
[2023.04.02-11.52.23:799][  0]LogSlate: Updating window title bar state: overlay mode, drag disabled, window buttons hidden, title bar hidden
[2023.04.02-11.52.23:800][  0]LogInit: Display: Game Engine Initialized.
[2023.04.02-11.52.23:932][  0]LogInit: Display: Starting Game.
[2023.04.02-11.52.23:932][  0]LogNet: Browse: /Game/Maps/MapLevel?Name=Player
[2023.04.02-11.52.23:932][  0]LogLoad: LoadMap: /Game/Maps/MapLevel?Name=Player
[2023.04.02-11.52.23:933][  0]LogWorld: BeginTearingDown for /Temp/Untitled_0
[2023.04.02-11.52.23:936][  0]LogWorld: UWorld::CleanupWorld for Untitled, bSessionEnded=true, bCleanupResources=true
[2023.04.02-11.52.24:017][  0]LogUObjectHash: Compacting FUObjectHashTables data took   4.04ms
[2023.04.02-11.52.24:277][  0]LogAIModule: Creating AISystem for world MapLevel
[2023.04.02-11.52.24:278][  0]LogLoad: Game class is 'GameModeBase'
[2023.04.02-11.52.24:283][  0]LogWorld: Bringing World /Game/Maps/MapLevel.MapLevel up for play (max tick rate 0) at 2023.04.02-21.52.24
[2023.04.02-11.52.24:283][  0]LogWorld: Bringing up level for play took: 0.003803
[2023.04.02-11.52.24:300][  0]LogLoad: Took 0.367238 seconds to LoadMap(/Game/Maps/MapLevel)
[2023.04.02-11.52.24:399][  0]LogRenderer: Reallocating scene render targets to support 1280x720 Format 10 NumSamples 1 (Frame:1).
[2023.04.02-11.52.24:399][  0]LogLoad: (Engine Initialization) Total time: 13.90 seconds
[2023.04.02-11.52.24:399][  0]LogLoad: (Engine Initialization) Total Blueprint compile time: 0.00 seconds
[2023.04.02-11.52.24:496][  0]LogSlate: New Slate User Created.  User Index 1, Is Virtual User: 0
[2023.04.02-11.52.24:496][  0]LogSlate: Slate User Registered.  User Index 1, Is Virtual User: 0
[2023.04.02-11.52.24:510][  0]LogContentStreaming: Texture pool size now 1000 MB
[2023.04.02-11.52.25:372][  0]LogRenderer: Reallocating scene render targets to support 128x128 Format 10 NumSamples 1 (Frame:1).
[2023.04.02-11.52.25:691][  0]LogRenderer: Reallocating scene render targets to support 1280x720 Format 10 NumSamples 1 (Frame:2).
[2023.04.02-11.53.05:239][433]LogWindowsDesktop: Alt-F4 pressed!
[2023.04.02-11.53.05:248][433]LogSlate: Window 'Unreal_Game (64-bit Development PCD3D_SM5) ' being destroyed
[2023.04.02-11.53.05:249][433]LogWindowsTextInputMethodSystem: Display: IME system now deactivated.
[2023.04.02-11.53.05:253][433]LogWindowsTextInputMethodSystem: Display: IME system now deactivated.
[2023.04.02-11.53.05:255][433]LogSlate: Updating window title bar state: overlay mode, drag disabled, window buttons hidden, title bar hidden
[2023.04.02-11.53.05:255][433]LogEngine: All Windows Closed
[2023.04.02-11.53.05:255][433]LogWindows: FPlatformMisc::RequestExit(0)
[2023.04.02-11.53.05:259][434]LogWorld: BeginTearingDown for /Game/Maps/MapLevel
[2023.04.02-11.53.05:259][434]LogWorld: UWorld::CleanupWorld for MapLevel, bSessionEnded=true, bCleanupResources=true
[2023.04.02-11.53.05:894][434]LogExit: Preparing to exit.
[2023.04.02-11.53.05:894][434]LogMoviePlayer: Shutting down movie player
[2023.04.02-11.53.06:237][434]LogSlate: Updating window title bar state: overlay mode, drag disabled, window buttons hidden, title bar hidden
[2023.04.02-11.53.06:238][434]LogDemo: Cleaned up 0 splitscreen connections with owner deletion
[2023.04.02-11.53.06:242][434]LogExit: Game engine shut down
[2023.04.02-11.53.06:304][434]LogExit: Object subsystem successfully closed.
[2023.04.02-11.53.06:326][434]LogShaderCompilers: Display: Shaders left to compile 0
[2023.04.02-11.53.06:350][434]LogModuleManager: Shutting down and abandoning module SequenceRecorderSections (408)
[2023.04.02-11.53.06:350][434]LogModuleManager: Shutting down and abandoning module SequenceRecorder (406)
[2023.04.02-11.53.06:350][434]LogModuleManager: Shutting down and abandoning module AutomationController (404)
[2023.04.02-11.53.06:350][434]LogModuleManager: Shutting down and abandoning module AutomationWorker (402)
[2023.04.02-11.53.06:350][434]LogModuleManager: Shutting down and abandoning module Voice (400)
[2023.04.02-11.53.06:350][434]LogModuleManager: Shutting down and abandoning module AIModule (398)
[2023.04.02-11.53.06:350][434]LogModuleManager: Shutting down and abandoning module GameplayDebugger (397)
[2023.04.02-11.53.06:350][434]LogModuleManager: Shutting down and abandoning module AITestSuite (395)
[2023.04.02-11.53.06:350][434]LogModuleManager: Shutting down and abandoning module NavigationSystem (393)
[2023.04.02-11.53.06:350][434]LogModuleManager: Shutting down and abandoning module OculusMR (390)
[2023.04.02-11.53.06:350][434]LogModuleManager: Shutting down and abandoning module WmfMediaFactory (388)
[2023.04.02-11.53.06:350][434]LogModuleManager: Shutting down and abandoning module WebMMediaFactory (386)
[2023.04.02-11.53.06:350][434]LogModuleManager: Shutting down and abandoning module WebMMedia (384)
[2023.04.02-11.53.06:350][434]LogModuleManager: Shutting down and abandoning module OpenExrWrapper (382)
[2023.04.02-11.53.06:350][434]LogModuleManager: Shutting down and abandoning module ImgMediaFactory (380)
[2023.04.02-11.53.06:350][434]LogModuleManager: Shutting down and abandoning module AvfMediaFactory (378)
[2023.04.02-11.53.06:350][434]LogModuleManager: Shutting down and abandoning module MagicLeapCameraPreviewFactory (376)
[2023.04.02-11.53.06:350][434]LogModuleManager: Shutting down and abandoning module MagicLeapMediaCodecFactory (374)
[2023.04.02-11.53.06:350][434]LogModuleManager: Shutting down and abandoning module MagicLeapMediaFactory (372)
[2023.04.02-11.53.06:350][434]LogModuleManager: Shutting down and abandoning module CharacterAI (370)
[2023.04.02-11.53.06:351][434]LogModuleManager: Shutting down and abandoning module SessionServices (368)
[2023.04.02-11.53.06:351][434]LogModuleManager: Shutting down and abandoning module MovieSceneCapture (366)
[2023.04.02-11.53.06:351][434]LogModuleManager: Shutting down and abandoning module LiveCoding (364)
[2023.04.02-11.53.06:351][434]LogModuleManager: Shutting down and abandoning module LevelSequence (362)
[2023.04.02-11.53.06:351][434]LogModuleManager: Shutting down and abandoning module MovieSceneTracks (360)
[2023.04.02-11.53.06:351][434]LogModuleManager: Shutting down and abandoning module MovieScene (358)
[2023.04.02-11.53.06:351][434]LogModuleManager: Shutting down and abandoning module StreamingPauseRendering (356)
[2023.04.02-11.53.06:351][434]LogModuleManager: Shutting down and abandoning module PortalServices (354)
[2023.04.02-11.53.06:351][434]LogModuleManager: Shutting down and abandoning module PortalRpc (352)
[2023.04.02-11.53.06:351][434]LogModuleManager: Shutting down and abandoning module MessagingRpc (350)
[2023.04.02-11.53.06:351][434]LogModuleManager: Shutting down and abandoning module ImageWriteQueue (348)
[2023.04.02-11.53.06:355][434]LogModuleManager: Shutting down and abandoning module ProfilerService (346)
[2023.04.02-11.53.06:526][434]LogModuleManager: Shutting down and abandoning module TaskGraph (344)
[2023.04.02-11.53.06:526][434]LogModuleManager: Shutting down and abandoning module SteamVRController (342)
[2023.04.02-11.53.06:526][434]LogModuleManager: Shutting down and abandoning module ProceduralMeshComponent (340)
[2023.04.02-11.53.06:526][434]LogModuleManager: Shutting down and abandoning module OculusInput (338)
[2023.04.02-11.53.06:526][434]LogModuleManager: Shutting down and abandoning module MobilePatchingUtils (336)
[2023.04.02-11.53.06:527][434]LogModuleManager: Shutting down and abandoning module EditableMesh (334)
[2023.04.02-11.53.06:527][434]LogModuleManager: Shutting down and abandoning module CustomMeshComponent (332)
[2023.04.02-11.53.06:527][434]LogModuleManager: Shutting down and abandoning module CableComponent (330)
[2023.04.02-11.53.06:527][434]LogModuleManager: Shutting down and abandoning module AudioCapture (328)
[2023.04.02-11.53.06:527][434]LogModuleManager: Shutting down and abandoning module ArchVisCharacter (326)
[2023.04.02-11.53.06:527][434]LogModuleManager: Shutting down and abandoning module AppleImageUtilsBlueprintSupport (324)
[2023.04.02-11.53.06:527][434]LogModuleManager: Shutting down and abandoning module AppleImageUtils (322)
[2023.04.02-11.53.06:527][434]LogModuleManager: Shutting down and abandoning module AndroidPermission (320)
[2023.04.02-11.53.06:527][434]LogModuleManager: Shutting down and abandoning module NUTUnrealEngine4 (318)
[2023.04.02-11.53.06:527][434]LogModuleManager: Shutting down and abandoning module NetcodeUnitTest (316)
[2023.04.02-11.53.06:527][434]LogModuleManager: Shutting down and abandoning module MediaCompositing (314)
[2023.04.02-11.53.06:527][434]LogModuleManager: Shutting down and abandoning module ImgMedia (312)
[2023.04.02-11.53.06:527][434]LogModuleManager: Shutting down and abandoning module MagicLeapHelperVulkan (310)
[2023.04.02-11.53.06:527][434]LogModuleManager: Shutting down and abandoning module MagicLeapHelperOpenGL (308)
[2023.04.02-11.53.06:527][434]LogModuleManager: Shutting down and abandoning module MagicLeapAudio (306)
[2023.04.02-11.53.06:527][434]LogModuleManager: Shutting down and abandoning module HTML5Networking (304)
[2023.04.02-11.53.06:527][434]LogModuleManager: Shutting down and abandoning module GeometryCacheTracks (302)
[2023.04.02-11.53.06:527][434]LogModuleManager: Shutting down and abandoning module GeometryCacheSequencer (301)
[2023.04.02-11.53.06:527][434]LogModuleManager: Shutting down and abandoning module GeometryCache (298)
[2023.04.02-11.53.06:527][434]LogModuleManager: Shutting down and abandoning module GeometryCacheEd (297)
[2023.04.02-11.53.06:527][434]LogModuleManager: Shutting down and abandoning module BackChannel (294)
[2023.04.02-11.53.06:527][434]LogModuleManager: Shutting down and abandoning module AutomationUtils (292)
[2023.04.02-11.53.06:527][434]LogModuleManager: Shutting down and abandoning module VariantManagerContent (290)
[2023.04.02-11.53.06:527][434]LogModuleManager: Shutting down and abandoning module CryptoKeysOpenSSL (288)
[2023.04.02-11.53.06:527][434]LogModuleManager: Shutting down and abandoning module CryptoKeys (286)
[2023.04.02-11.53.06:527][434]LogModuleManager: Shutting down and abandoning module VisualStudioSourceCodeAccess (284)
[2023.04.02-11.53.06:527][434]LogModuleManager: Shutting down and abandoning module HotReload (283)
[2023.04.02-11.53.06:527][434]LogModuleManager: Shutting down and abandoning module DirectoryWatcher (282)
[2023.04.02-11.53.06:527][434]LogModuleManager: Shutting down and abandoning module VisualStudioCodeSourceCodeAccess (278)
[2023.04.02-11.53.06:527][434]LogModuleManager: Shutting down and abandoning module UObjectPlugin (276)
[2023.04.02-11.53.06:527][434]LogModuleManager: Shutting down and abandoning module SubversionSourceControl (274)
[2023.04.02-11.53.06:527][434]LogModuleManager: Shutting down and abandoning module PerforceSourceControl (272)
[2023.04.02-11.53.06:527][434]LogModuleManager: Shutting down and abandoning module SourceControl (271)
[2023.04.02-11.53.06:528][434]LogModuleManager: Shutting down and abandoning module CLionSourceCodeAccess (268)
[2023.04.02-11.53.06:528][434]LogModuleManager: Shutting down and abandoning module ActorLayerUtilities (266)
[2023.04.02-11.53.06:528][434]LogModuleManager: Shutting down and abandoning module SignificanceManager (264)
[2023.04.02-11.53.06:528][434]LogModuleManager: Shutting down and abandoning module RuntimePhysXCooking (262)
[2023.04.02-11.53.06:528][434]LogModuleManager: Shutting down and abandoning module PhysXVehiclesEditor (260)
[2023.04.02-11.53.06:528][434]LogModuleManager: Shutting down and abandoning module LocationServicesBPLibrary (256)
[2023.04.02-11.53.06:528][434]LogModuleManager: Shutting down and abandoning module ActorSequence (254)
[2023.04.02-11.53.06:528][434]LogModuleManager: Shutting down and abandoning module UdpMessaging (252)
[2023.04.02-11.53.06:629][434]LogModuleManager: Shutting down and abandoning module TcpMessaging (250)
[2023.04.02-11.53.07:223][434]LogModuleManager: Shutting down and abandoning module MagicLeapIdentity (248)
[2023.04.02-11.53.07:223][434]LogModuleManager: Shutting down and abandoning module MagicLeapSecureStorage (246)
[2023.04.02-11.53.07:223][434]LogModuleManager: Shutting down and abandoning module MagicLeapHandTracking (244)
[2023.04.02-11.53.07:223][434]LogModuleManager: Shutting down and abandoning module MagicLeapEyeTracker (242)
[2023.04.02-11.53.07:223][434]LogModuleManager: Shutting down and abandoning module MagicLeapController (240)
[2023.04.02-11.53.07:223][434]LogSlate: Slate User Destroyed.  User Index 0, Is Virtual User: 0
[2023.04.02-11.53.07:223][434]LogSlate: Slate User Destroyed.  User Index 1, Is Virtual User: 0
[2023.04.02-11.53.07:223][434]LogModuleManager: Shutting down and abandoning module MagicLeapAR (238)
[2023.04.02-11.53.07:223][434]LogModuleManager: Shutting down and abandoning module AugmentedReality (237)
[2023.04.02-11.53.07:223][434]LogModuleManager: Shutting down and abandoning module GameplayTagsEditor (234)
[2023.04.02-11.53.07:223][434]LogModuleManager: Shutting down and abandoning module FacialAnimation (232)
[2023.04.02-11.53.07:223][434]LogModuleManager: Shutting down and abandoning module AssetManagerEditor (230)
[2023.04.02-11.53.07:223][434]LogModuleManager: Shutting down and abandoning module TreeMap (229)
[2023.04.02-11.53.07:223][434]LogModuleManager: Shutting down and abandoning module AnimationSharing (226)
[2023.04.02-11.53.07:223][434]LogModuleManager: Shutting down and abandoning module LightPropagationVolumeRuntime (224)
[2023.04.02-11.53.07:223][434]LogModuleManager: Shutting down and abandoning module Paper2D (222)
[2023.04.02-11.53.07:223][434]LogModuleManager: Shutting down and abandoning module WindowsMoviePlayer (220)
[2023.04.02-11.53.07:225][434]LogModuleManager: Shutting down and abandoning module WebMMoviePlayer (218)
[2023.04.02-11.53.07:225][434]LogModuleManager: Shutting down and abandoning module NetworkReplayStreaming (216)
[2023.04.02-11.53.07:225][434]LogModuleManager: Shutting down and abandoning module PacketHandler (214)
[2023.04.02-11.53.07:225][434]LogModuleManager: Shutting down and abandoning module ClothingSystemEditor (212)
[2023.04.02-11.53.07:225][434]LogModuleManager: Shutting down and abandoning module ClothingSystemRuntime (210)
[2023.04.02-11.53.07:225][434]LogModuleManager: Shutting down and abandoning module MediaAssets (208)
[2023.04.02-11.53.07:225][434]LogModuleManager: Shutting down and abandoning module Overlay (206)
[2023.04.02-11.53.07:225][434]LogModuleManager: Shutting down and abandoning module OverlayEditor (205)
[2023.04.02-11.53.07:225][434]LogModuleManager: Shutting down and abandoning module VREditor (202)
[2023.04.02-11.53.07:225][434]LogModuleManager: Shutting down and abandoning module StringTableEditor (200)
[2023.04.02-11.53.07:225][434]LogModuleManager: Shutting down and abandoning module GameplayTasksEditor (198)
[2023.04.02-11.53.07:225][434]LogModuleManager: Shutting down and abandoning module BehaviorTreeEditor (196)
[2023.04.02-11.53.07:225][434]LogModuleManager: Shutting down and abandoning module FunctionalTesting (194)
[2023.04.02-11.53.07:225][434]LogModuleManager: Shutting down and abandoning module CollisionAnalyzer (192)
[2023.04.02-11.53.07:225][434]LogModuleManager: Shutting down and abandoning module WorkspaceMenuStructure (191)
[2023.04.02-11.53.07:225][434]LogModuleManager: Shutting down and abandoning module UMG (188)
[2023.04.02-11.53.07:225][434]LogModuleManager: Shutting down and abandoning module UMGEditor (187)
[2023.04.02-11.53.07:225][434]LogModuleManager: Shutting down and abandoning module Sequencer (186)
[2023.04.02-11.53.07:226][434]LogModuleManager: Shutting down and abandoning module MessageLog (183)
[2023.04.02-11.53.07:226][434]LogModuleManager: Shutting down and abandoning module SlateReflector (178)
[2023.04.02-11.53.07:226][434]LogModuleManager: Shutting down and abandoning module Slate (176)
[2023.04.02-11.53.07:226][434]LogModuleManager: Shutting down and abandoning module LandscapeEditorUtilities (174)
[2023.04.02-11.53.07:226][434]LogModuleManager: Shutting down and abandoning module EditorStyle (172)
[2023.04.02-11.53.07:226][434]LogModuleManager: Shutting down and abandoning module UnrealEd (170)
[2023.04.02-11.53.07:226][434]LogModuleManager: Shutting down and abandoning module MRMesh (168)
[2023.04.02-11.53.07:226][434]LogModuleManager: Shutting down and abandoning module Messaging (166)
[2023.04.02-11.53.07:226][434]LogModuleManager: Shutting down and abandoning module SourceCodeAccess (164)
[2023.04.02-11.53.07:226][434]LogModuleManager: Shutting down and abandoning module HeadMountedDisplay (162)
[2023.04.02-11.53.07:226][434]LogModuleManager: Shutting down and abandoning module XAudio2 (160)
[2023.04.02-11.53.07:226][434]LogModuleManager: Shutting down and abandoning module Networking (158)
[2023.04.02-11.53.07:226][434]LogModuleManager: Shutting down and abandoning module Core (156)
[2023.04.02-11.53.07:226][434]LogModuleManager: Shutting down and abandoning module KismetCompiler (154)
[2023.04.02-11.53.07:226][434]LogModuleManager: Shutting down and abandoning module MeshUtilities (152)
[2023.04.02-11.53.07:226][434]LogModuleManager: Shutting down and abandoning module MeshMergeUtilities (151)
[2023.04.02-11.53.07:226][434]LogModuleManager: Shutting down and abandoning module MeshReductionInterface (150)
[2023.04.02-11.53.07:226][434]LogModuleManager: Shutting down and abandoning module SkeletalMeshReduction (149)
[2023.04.02-11.53.07:226][434]LogModuleManager: Shutting down and abandoning module ProxyLODMeshReduction (147)
[2023.04.02-11.53.07:226][434]LogModuleManager: Shutting down and abandoning module QuadricMeshReduction (145)
[2023.04.02-11.53.07:226][434]LogModuleManager: Shutting down and abandoning module MaterialBaking (141)
[2023.04.02-11.53.07:227][434]LogModuleManager: Shutting down and abandoning module NullInstallBundleManager (136)
[2023.04.02-11.53.07:227][434]LogModuleManager: Shutting down and abandoning module PIEPreviewDeviceProfileSelector (134)
[2023.04.02-11.53.07:227][434]LogModuleManager: Shutting down and abandoning module DerivedDataCache (132)
[2023.04.02-11.53.07:271][434]LogDerivedDataCache: Shutdown
[2023.04.02-11.53.07:271][434]LogModuleManager: Shutting down and abandoning module XGEController (130)
[2023.04.02-11.53.07:271][434]LogModuleManager: Shutting down and abandoning module TargetPlatform (128)
[2023.04.02-11.53.07:271][434]LogModuleManager: Shutting down and abandoning module VulkanShaderFormat (127)
[2023.04.02-11.53.07:271][434]LogModuleManager: Shutting down and abandoning module ShaderFormatVectorVM (125)
[2023.04.02-11.53.07:271][434]LogModuleManager: Shutting down and abandoning module ShaderFormatOpenGL (123)
[2023.04.02-11.53.07:271][434]LogModuleManager: Shutting down and abandoning module ShaderFormatD3D (121)
[2023.04.02-11.53.07:271][434]LogModuleManager: Shutting down and abandoning module MetalShaderFormat (119)
[2023.04.02-11.53.07:271][434]LogModuleManager: Shutting down and abandoning module TextureFormatUncompressed (117)
[2023.04.02-11.53.07:271][434]LogModuleManager: Shutting down and abandoning module TextureFormatPVR (115)
[2023.04.02-11.53.07:271][434]LogModuleManager: Shutting down and abandoning module TextureFormatDXT (113)
[2023.04.02-11.53.07:271][434]LogModuleManager: Shutting down and abandoning module TextureFormatIntelISPCTexComp (111)
[2023.04.02-11.53.07:272][434]LogModuleManager: Shutting down and abandoning module TextureFormatASTC (109)
[2023.04.02-11.53.07:272][434]LogModuleManager: Shutting down and abandoning module ImageWrapper (108)
[2023.04.02-11.53.07:272][434]LogModuleManager: Shutting down and abandoning module TextureFormatAndroid (105)
[2023.04.02-11.53.07:272][434]LogModuleManager: Shutting down and abandoning module AudioFormatOpus (103)
[2023.04.02-11.53.07:272][434]LogModuleManager: Shutting down and abandoning module AudioFormatOgg (101)
[2023.04.02-11.53.07:272][434]LogModuleManager: Shutting down and abandoning module AudioFormatADPCM (99)
[2023.04.02-11.53.07:272][434]LogModuleManager: Shutting down and abandoning module WindowsTargetPlatform (97)
[2023.04.02-11.53.07:272][434]LogModuleManager: Shutting down and abandoning module WindowsServerTargetPlatform (95)
[2023.04.02-11.53.07:272][434]LogModuleManager: Shutting down and abandoning module WindowsNoEditorTargetPlatform (93)
[2023.04.02-11.53.07:272][434]LogModuleManager: Shutting down and abandoning module WindowsClientTargetPlatform (91)
[2023.04.02-11.53.07:272][434]LogModuleManager: Shutting down and abandoning module InputCore (88)
[2023.04.02-11.53.07:272][434]LogModuleManager: Shutting down and abandoning module Settings (86)
[2023.04.02-11.53.07:272][434]LogModuleManager: Shutting down and abandoning module PhysXCooking (84)
[2023.04.02-11.53.07:272][434]LogModuleManager: Shutting down and abandoning module WindowsPlatformFeatures (82)
[2023.04.02-11.53.07:272][434]LogModuleManager: Shutting down and abandoning module GameplayMediaEncoder (81)
[2023.04.02-11.53.07:272][434]LogModuleManager: Shutting down and abandoning module SteamVR (78)
[2023.04.02-11.53.07:272][434]LogHMD: Freeing OpenVRDLLHandle.
[2023.04.02-11.53.07:272][434]LogModuleManager: Shutting down and abandoning module OculusHMD (76)
[2023.04.02-11.53.07:272][434]LogModuleManager: Shutting down and abandoning module ExampleDeviceProfileSelector (74)
[2023.04.02-11.53.07:272][434]LogModuleManager: Shutting down and abandoning module LauncherChunkInstaller (72)
[2023.04.02-11.53.07:272][434]LogModuleManager: Shutting down and abandoning module OnlineBlueprintSupport (70)
[2023.04.02-11.53.07:272][434]LogModuleManager: Shutting down and abandoning module OnlineSubsystem (66)
[2023.04.02-11.53.07:272][434]LogModuleManager: Shutting down and abandoning module XMPP (61)
[2023.04.02-11.53.07:272][434]LogModuleManager: Shutting down and abandoning module WebSockets (60)
[2023.04.02-11.53.07:274][434]LogModuleManager: Shutting down and abandoning module HTTP (57)
[2023.04.02-11.53.07:299][434]LogModuleManager: Shutting down and abandoning module SSL (56)
[2023.04.02-11.53.07:300][434]LogModuleManager: Shutting down and abandoning module WmfMedia (52)
[2023.04.02-11.53.07:300][434]LogModuleManager: Shutting down and abandoning module Media (51)
[2023.04.02-11.53.07:301][434]LogModuleManager: Shutting down and abandoning module MagicLeap (48)
[2023.04.02-11.53.07:301][434]LogModuleManager: Shutting down and abandoning module DatasmithContent (46)
[2023.04.02-11.53.07:301][434]LogModuleManager: Shutting down and abandoning module AISupportModule (44)
[2023.04.02-11.53.07:301][434]LogModuleManager: Shutting down and abandoning module PlatformCryptoOpenSSL (42)
[2023.04.02-11.53.07:301][434]LogModuleManager: Shutting down and abandoning module PlatformCrypto (40)
[2023.04.02-11.53.07:301][434]LogModuleManager: Shutting down and abandoning module AnimationModifiers (38)
[2023.04.02-11.53.07:301][434]LogModuleManager: Shutting down and abandoning module PropertyEditor (37)
[2023.04.02-11.53.07:301][434]LogModuleManager: Shutting down and abandoning module AudioEditor (34)
[2023.04.02-11.53.07:301][434]LogModuleManager: Shutting down and abandoning module TextureCompressor (32)
[2023.04.02-11.53.07:301][434]LogModuleManager: Shutting down and abandoning module RenderCore (30)
[2023.04.02-11.53.07:301][434]LogModuleManager: Shutting down and abandoning module Landscape (28)
[2023.04.02-11.53.07:301][434]LogModuleManager: Shutting down and abandoning module SlateRHIRenderer (26)
[2023.04.02-11.53.07:302][434]LogModuleManager: Shutting down and abandoning module OpenGLDrv (24)
[2023.04.02-11.53.07:302][434]LogModuleManager: Shutting down and abandoning module D3D11RHI (22)
[2023.04.02-11.53.07:302][434]LogModuleManager: Shutting down and abandoning module AnimGraphRuntime (20)
[2023.04.02-11.53.07:302][434]LogModuleManager: Shutting down and abandoning module Renderer (18)
[2023.04.02-11.53.07:302][434]LogModuleManager: Shutting down and abandoning module Engine (16)
[2023.04.02-11.53.07:302][434]LogModuleManager: Shutting down and abandoning module CoreUObject (14)
[2023.04.02-11.53.07:302][434]LogModuleManager: Shutting down and abandoning module NetworkFile (12)
[2023.04.02-11.53.07:302][434]LogModuleManager: Shutting down and abandoning module CookedIterativeFile (10)
[2023.04.02-11.53.07:302][434]LogModuleManager: Shutting down and abandoning module StreamingFile (8)
[2023.04.02-11.53.07:302][434]LogModuleManager: Shutting down and abandoning module SandboxFile (6)
[2023.04.02-11.53.07:302][434]LogModuleManager: Shutting down and abandoning module PakFile (4)
[2023.04.02-11.53.07:302][434]LogModuleManager: Shutting down and abandoning module RSA (3)
[2023.04.02-11.53.07:302][434]LogD3D11RHI: Shutdown
[2023.04.02-11.53.07:303][434]LogD3D11RHI: CleanupD3DDevice
[2023.04.02-11.53.07:303][434]LogRendererCore: FGlobalDynamicReadBuffer::Cleanup()
[2023.04.02-11.53.07:303][434]LogRendererCore: FGlobalDynamicReadBuffer::Cleanup()
[2023.04.02-11.53.07:303][434]LogRendererCore: FGlobalDynamicReadBuffer::Cleanup()
[2023.04.02-11.53.07:349][434]LogD3D11RHI: ~FD3D11DynamicRHI
[2023.04.02-11.53.07:358][434]LogExit: Exiting.
[2023.04.02-11.53.07:393][434]Log file closed, 04/02/23 21:53:07
